src\GameController.java:99: warning: [rawtypes] found raw type: JComboBox
            JComboBox source = (JComboBox) e.getSource();
            ^
  missing type arguments for generic class JComboBox<E>
  where E is a type-variable:
    E extends Object declared in class JComboBox
src\GameController.java:188: warning: [rawtypes] found raw type: JComboBox
            JComboBox source = (JComboBox) e.getSource();
            ^
  missing type arguments for generic class JComboBox<E>
  where E is a type-variable:
    E extends Object declared in class JComboBox
src\GameController.java:394: warning: [rawtypes] found raw type: JComboBox
            JComboBox source = view.dimComoBox;
            ^
  missing type arguments for generic class JComboBox<E>
  where E is a type-variable:
    E extends Object declared in class JComboBox
src\GameController.java:21: warning: [serial] serializable class GameController has no definition of serialVersionUID
public class GameController extends JFrame {
       ^
src\GameController.java:25: warning: [serial] non-transient instance field of a serializable class declared with a non-serializable type
    private GameModel model;
                      ^
src\GameView.java:62: warning: [rawtypes] found raw type: JComboBox
    public JComboBox typeChoice;
           ^
  missing type arguments for generic class JComboBox<E>
  where E is a type-variable:
    E extends Object declared in class JComboBox
src\GameView.java:78: warning: [rawtypes] found raw type: JComboBox
    public JComboBox dimComoBox;
           ^
  missing type arguments for generic class JComboBox<E>
  where E is a type-variable:
    E extends Object declared in class JComboBox
src\GameView.java:266: warning: [rawtypes] found raw type: JComboBox
        dimComoBox = new JComboBox(new String[]{"3", "4", "5"});
                         ^
  missing type arguments for generic class JComboBox<E>
  where E is a type-variable:
    E extends Object declared in class JComboBox
src\GameView.java:266: warning: [unchecked] unchecked call to JComboBox(E[]) as a member of the raw type JComboBox
        dimComoBox = new JComboBox(new String[]{"3", "4", "5"});
                     ^
  where E is a type-variable:
    E extends Object declared in class JComboBox
src\GameView.java:309: warning: [rawtypes] found raw type: JComboBox
        typeChoice = new JComboBox(new String[]{"Number", "Text"});
                         ^
  missing type arguments for generic class JComboBox<E>
  where E is a type-variable:
    E extends Object declared in class JComboBox
src\GameView.java:309: warning: [unchecked] unchecked call to JComboBox(E[]) as a member of the raw type JComboBox
        typeChoice = new JComboBox(new String[]{"Number", "Text"});
                     ^
  where E is a type-variable:
    E extends Object declared in class JComboBox
src\GameView.java:420: warning: [serial] serializable class GameView.GameSplash has no definition of serialVersionUID
    private class GameSplash extends JWindow {
            ^
src\GameView.java:446: warning: [serial] serializable class GameWinner has no definition of serialVersionUID
    public static class GameWinner extends JWindow {
                  ^
src\GameView.java:470: warning: [serial] serializable class GameFinish has no definition of serialVersionUID
    public static class GameFinish extends JWindow {
                  ^
src\GameView.java:494: warning: [serial] serializable class ColorChanger has no definition of serialVersionUID
    public static class ColorChanger extends JFrame {
                  ^
src\GameView.java:543: warning: [serial] serializable class ColorPicker has no definition of serialVersionUID
    public static class ColorPicker extends JFrame {
                  ^
src\GameView.java:18: warning: [serial] serializable class GameView has no definition of serialVersionUID
public class GameView extends JFrame {
       ^
src\NumPuzClientGui.java:12: warning: [serial] serializable class NumPuzClientGui has no definition of serialVersionUID
public class NumPuzClientGui extends JFrame {
       ^
src\NumPuzClientGui.java:72: warning: [serial] non-transient instance field of a serializable class declared with a non-serializable type
    private Socket client;
                   ^
src\NumPuzServerGui.java:16: warning: [serial] serializable class NumPuzServerGui has no definition of serialVersionUID
public class NumPuzServerGui extends JFrame {
       ^
src\NumPuzServerGui.java:44: warning: [serial] non-transient instance field of a serializable class declared with a non-serializable type
    NumPuzServer server;
                 ^
21 warnings
