added manifest
adding: Game.class(in = 341) (out= 254)(deflated 25%)
adding: GameController$ColorsMenuItemListener.class(in = 2962) (out= 1223)(deflated 58%)
adding: GameController$DesignButtonClicked.class(in = 634) (out= 411)(deflated 35%)
adding: GameController$DimBoxListener.class(in = 1766) (out= 969)(deflated 45%)
adding: GameController$ExitMenuItemListener.class(in = 520) (out= 338)(deflated 35%)
adding: GameController$FinishButtonListener.class(in = 1421) (out= 810)(deflated 42%)
adding: GameController$GameButtonListener.class(in = 1380) (out= 832)(deflated 39%)
adding: GameController$HideButtonListener.class(in = 1521) (out= 924)(deflated 39%)
adding: GameController$LoadButtonListener.class(in = 3040) (out= 1650)(deflated 45%)
adding: GameController$NewMenuItemListener.class(in = 1835) (out= 997)(deflated 45%)
adding: GameController$PlayButtonClicked.class(in = 2313) (out= 1270)(deflated 45%)
adding: GameController$ResetButtonListener.class(in = 544) (out= 348)(deflated 36%)
adding: GameController$SaveButtonListener.class(in = 2840) (out= 1486)(deflated 47%)
adding: GameController$SetDesignListener.class(in = 1978) (out= 1118)(deflated 43%)
adding: GameController$ShowButtonListener.class(in = 1344) (out= 805)(deflated 40%)
adding: GameController$SolutionMenuItemListener.class(in = 1340) (out= 806)(deflated 39%)
adding: GameController$TimeIncrementer.class(in = 904) (out= 553)(deflated 38%)
adding: GameController$TypeChoiceListener.class(in = 1155) (out= 685)(deflated 40%)
adding: GameController.class(in = 5420) (out= 2685)(deflated 50%)
adding: GameModel.class(in = 1983) (out= 839)(deflated 57%)
adding: GameView$ColorChanger.class(in = 2036) (out= 1071)(deflated 47%)
adding: GameView$ColorPicker.class(in = 1671) (out= 919)(deflated 45%)
adding: GameView$GameFinish.class(in = 2113) (out= 1184)(deflated 43%)
adding: GameView$GameSplash.class(in = 1614) (out= 1035)(deflated 35%)
adding: GameView$GameWinner.class(in = 2116) (out= 1179)(deflated 44%)
adding: GameView.class(in = 7539) (out= 4254)(deflated 43%)
adding: NumPuzClientGui$ConnectButtonClick.class(in = 2282) (out= 1283)(deflated 43%)
adding: NumPuzClientGui$GetClientId.class(in = 1940) (out= 1055)(deflated 45%)
adding: NumPuzClientGui$NewGameButtonClick.class(in = 1236) (out= 677)(deflated 45%)
adding: NumPuzClientGui$PlayButtonClick.class(in = 1634) (out= 899)(deflated 44%)
adding: NumPuzClientGui$ReceiveGameButtonClick.class(in = 706) (out= 438)(deflated 37%)
adding: NumPuzClientGui$ReceiveGameData.class(in = 1947) (out= 1039)(deflated 46%)
adding: NumPuzClientGui$SendDataButtonClick.class(in = 2241) (out= 1248)(deflated 44%)
adding: NumPuzClientGui$SendGameButtonClick.class(in = 1563) (out= 882)(deflated 43%)
adding: NumPuzClientGui.class(in = 3674) (out= 1931)(deflated 47%)
adding: NumPuzServer$AcceptClient.class(in = 2903) (out= 1492)(deflated 48%)
adding: NumPuzServer$ListenForMessage.class(in = 3094) (out= 1681)(deflated 45%)
adding: NumPuzServer.class(in = 2882) (out= 1399)(deflated 51%)
adding: NumPuzServerGui$EndButtonClick.class(in = 752) (out= 471)(deflated 37%)
adding: NumPuzServerGui$ResultsButtonClick.class(in = 1795) (out= 1010)(deflated 43%)
adding: NumPuzServerGui$StartButtonClick.class(in = 1639) (out= 949)(deflated 42%)
adding: NumPuzServerGui.class(in = 2800) (out= 1506)(deflated 46%)
adding: client.png(in = 261478) (out= 258124)(deflated 1%)
adding: game-jar.err(in = 0) (out= 0)(stored 0%)
adding: game-jar.out(in = 3483) (out= 811)(deflated 76%)
adding: game-splash.png(in = 300982) (out= 297582)(deflated 1%)
adding: game.png(in = 301444) (out= 300842)(deflated 0%)
adding: gameend.png(in = 271949) (out= 271190)(deflated 0%)
adding: gamelogo.png(in = 8626) (out= 8631)(deflated 0%)
adding: gamewinner.png(in = 274368) (out= 273569)(deflated 0%)
adding: server.png(in = 263595) (out= 260110)(deflated 1%)
